<?xml version="1.0" encoding="utf-8"?><testsuites><testsuite name="pytest" errors="0" failures="0" skipped="0" tests="16" time="0.088" timestamp="2025-02-14T16:21:48.187476+01:00" hostname="DESKTOP-6APL9S4"><testcase classname="test.test_classes" name="test_inheritance" time="0.002" /><testcase classname="test.test_classes" name="test_properties" time="0.001" /><testcase classname="test.test_classes" name="test_horse" time="0.001" /><testcase classname="test.test_data" name="test_add_item" time="0.000" /><testcase classname="test.test_data" name="test_set_item" time="0.001" /><testcase classname="test.test_data" name="test_transform_items[items0-2-exp_result0]" time="0.001" /><testcase classname="test.test_data" name="test_transform_items[items1-0-exp_result1]" time="0.001" /><testcase classname="test.test_data" name="test_transform_items[items2-1-exp_result2]" time="0.001" /><testcase classname="test.test_data" name="test_string_formatting" time="0.000" /><testcase classname="test.test_data" name="test_get_evaluation" time="0.000" /><testcase classname="test.test_data" name="test_get_evaluation_2" time="0.000" /><testcase classname="test.test_data" name="test_file_operations" time="0.013" /><testcase classname="test.test_data" name="test_file_operation_local" time="0.002" /><testcase classname="test.test_dataclasses" name="test_dataclass" time="0.001" /><testcase classname="test.test_enums" name="test_sample" time="0.001" /><testcase classname="test.test_enums" name="test_labels" time="0.001" /></testsuite></testsuites>